\BOOKMARK [1][-]{section.1}{Introduction}{}% 1
\BOOKMARK [2][-]{subsection.1.1}{Species distribution models}{section.1}% 2
\BOOKMARK [2][-]{subsection.1.2}{Imperfect detection and spatial correlation of the observations}{section.1}% 3
\BOOKMARK [2][-]{subsection.1.3}{Methods and software to account for imperfect detection and spatial correlation}{section.1}% 4
\BOOKMARK [2][-]{subsection.1.4}{Objectives of the hSDM R package}{section.1}% 5
\BOOKMARK [1][-]{section.2}{Species distribution models}{}% 6
\BOOKMARK [2][-]{subsection.2.1}{Binomial model}{section.2}% 7
\BOOKMARK [3][-]{subsubsection.2.1.1}{Mathematical formulation}{subsection.2.1}% 8
\BOOKMARK [3][-]{subsubsection.2.1.2}{Data generation}{subsection.2.1}% 9
\BOOKMARK [3][-]{subsubsection.2.1.3}{Parameter inference using the hSDM.binomial\(\) function}{subsection.2.1}% 10
\BOOKMARK [3][-]{subsubsection.2.1.4}{Analysis of the results}{subsection.2.1}% 11
\BOOKMARK [2][-]{subsection.2.2}{Site-occupancy model}{section.2}% 12
\BOOKMARK [3][-]{subsubsection.2.2.1}{Mathematical formulation}{subsection.2.2}% 13
\BOOKMARK [3][-]{subsubsection.2.2.2}{Data generation}{subsection.2.2}% 14
\BOOKMARK [3][-]{subsubsection.2.2.3}{Parameter inference using the hSDM.siteocc\(\) function}{subsection.2.2}% 15
\BOOKMARK [3][-]{subsubsection.2.2.4}{Analysis of the results}{subsection.2.2}% 16
\BOOKMARK [2][-]{subsection.2.3}{Binomial iCAR model}{section.2}% 17
\BOOKMARK [3][-]{subsubsection.2.3.1}{Mathematical formulation}{subsection.2.3}% 18
\BOOKMARK [3][-]{subsubsection.2.3.2}{Data generation with iCAR}{subsection.2.3}% 19
\BOOKMARK [3][-]{subsubsection.2.3.3}{Parameter inference using the hSDM.binomial.iCAR\(\) function}{subsection.2.3}% 20
\BOOKMARK [3][-]{subsubsection.2.3.4}{Analysis of the results with iCAR}{subsection.2.3}% 21
\BOOKMARK [3][-]{subsubsection.2.3.5}{With OpenBUGS}{subsection.2.3}% 22
\BOOKMARK [3][-]{subsubsection.2.3.6}{With a GLM}{subsection.2.3}% 23
\BOOKMARK [2][-]{subsection.2.4}{Site-occupancy iCAR model}{section.2}% 24
\BOOKMARK [1][-]{section.3}{Acknowledgements}{}% 25
